# JRE version: OpenJDK Runtime Environment Temurin-17.0.11+9 (17.0.11+9) (build 17.0.11+9)
# Java VM: OpenJDK 64-Bit Server VM Temurin-17.0.11+9 (17.0.11+9, mixed mode, tiered, compressed oops, compressed class ptrs, parallel gc, windows-amd64)
GC Precious Log:
 CPUs: 4 total, 4 available
 Memory: 5324M
 Large Page Support: Disabled
 NUMA Support: Disabled
 Compressed Oops: Enabled (32-bit)
 Alignments: Space 512K, Generation 512K, Heap 2M
 Heap Min Capacity: 100M
 Heap Initial Capacity: 100M
 Heap Max Capacity: 1G
 Pre-touch: Disabled
 Parallel Workers: 4
Heap:
 PSYoungGen      total 6144K, used 998K [0x00000000eab00000, 0x00000000ebe00000, 0x0000000100000000)
  eden space 5120K, 0% used [0x00000000eab00000,0x00000000eab00000,0x00000000eb000000)
  from space 1024K, 97% used [0x00000000eb280000,0x00000000eb379888,0x00000000eb380000)
  to   space 7168K, 0% used [0x00000000eb700000,0x00000000eb700000,0x00000000ebe00000)
 ParOldGen       total 156160K, used 155892K [0x00000000c0000000, 0x00000000c9880000, 0x00000000eab00000)
  object space 156160K, 99% used [0x00000000c0000000,0x00000000c983d2d8,0x00000000c9880000)
 Metaspace       used 88331K, committed 89600K, reserved 1179648K
  class space    used 8740K, committed 9344K, reserved 1048576K
GC Heap History (20 events):
Event: 23612.025 GC heap after
{Heap after GC invocations=2893 (full 88):
 PSYoungGen      total 4608K, used 224K [0x00000000eab00000, 0x00000000eb380000, 0x0000000100000000)
  eden space 4096K, 0% used [0x00000000eab00000,0x00000000eab00000,0x00000000eaf00000)
  from space 512K, 43% used [0x00000000eb300000,0x00000000eb338020,0x00000000eb380000)
  to   space 1024K, 0% used [0x00000000eb180000,0x00000000eb180000,0x00000000eb280000)
 ParOldGen       total 154624K, used 145582K [0x00000000c0000000, 0x00000000c9700000, 0x00000000eab00000)
  object space 154624K, 94% used [0x00000000c0000000,0x00000000c8e2ba38,0x00000000c9700000)
 Metaspace       used 88322K, committed 89600K, reserved 1179648K
  class space    used 8740K, committed 9344K, reserved 1048576K
}
Event: 23612.041 GC heap before
{Heap before GC invocations=2894 (full 88):
 PSYoungGen      total 4608K, used 4320K [0x00000000eab00000, 0x00000000eb380000, 0x0000000100000000)
  eden space 4096K, 100% used [0x00000000eab00000,0x00000000eaf00000,0x00000000eaf00000)
  from space 512K, 43% used [0x00000000eb300000,0x00000000eb338020,0x00000000eb380000)
  to   space 1024K, 0% used [0x00000000eb180000,0x00000000eb180000,0x00000000eb280000)
 ParOldGen       total 154624K, used 145582K [0x00000000c0000000, 0x00000000c9700000, 0x00000000eab00000)
  object space 154624K, 94% used [0x00000000c0000000,0x00000000c8e2ba38,0x00000000c9700000)
 Metaspace       used 88323K, committed 89600K, reserved 1179648K
  class space    used 8740K, committed 9344K, reserved 1048576K
}
Event: 23612.048 GC heap after
{Heap after GC invocations=2894 (full 88):
 PSYoungGen      total 5120K, used 1008K [0x00000000eab00000, 0x00000000eb900000, 0x0000000100000000)
  eden space 4096K, 0% used [0x00000000eab00000,0x00000000eab00000,0x00000000eaf00000)
  from space 1024K, 98% used [0x00000000eb180000,0x00000000eb27c2e0,0x00000000eb280000)
  to   space 5120K, 0% used [0x00000000eb400000,0x00000000eb400000,0x00000000eb900000)
 ParOldGen       total 154624K, used 148557K [0x00000000c0000000, 0x00000000c9700000, 0x00000000eab00000)
  object space 154624K, 96% used [0x00000000c0000000,0x00000000c9113498,0x00000000c9700000)
 Metaspace       used 88323K, committed 89600K, reserved 1179648K
  class space    used 8740K, committed 9344K, reserved 1048576K
}
Event: 23612.068 GC heap before
{Heap before GC invocations=2895 (full 88):
 PSYoungGen      total 5120K, used 5104K [0x00000000eab00000, 0x00000000eb900000, 0x0000000100000000)
  eden space 4096K, 100% used [0x00000000eab00000,0x00000000eaf00000,0x00000000eaf00000)
  from space 1024K, 98% used [0x00000000eb180000,0x00000000eb27c2e0,0x00000000eb280000)
  to   space 5120K, 0% used [0x00000000eb400000,0x00000000eb400000,0x00000000eb900000)
 ParOldGen       total 154624K, used 148557K [0x00000000c0000000, 0x00000000c9700000, 0x00000000eab00000)
  object space 154624K, 96% used [0x00000000c0000000,0x00000000c9113498,0x00000000c9700000)
 Metaspace       used 88323K, committed 89600K, reserved 1179648K
  class space    used 8740K, committed 9344K, reserved 1048576K
}
Event: 23612.069 GC heap after
{Heap after GC invocations=2895 (full 88):
 PSYoungGen      total 4608K, used 224K [0x00000000eab00000, 0x00000000eb480000, 0x0000000100000000)
  eden space 4096K, 0% used [0x00000000eab00000,0x00000000eab00000,0x00000000eaf00000)
  from space 512K, 43% used [0x00000000eb400000,0x00000000eb438020,0x00000000eb480000)
  to   space 2048K, 0% used [0x00000000eb080000,0x00000000eb080000,0x00000000eb280000)
 ParOldGen       total 154624K, used 148741K [0x00000000c0000000, 0x00000000c9700000, 0x00000000eab00000)
  object space 154624K, 96% used [0x00000000c0000000,0x00000000c9141498,0x00000000c9700000)
 Metaspace       used 88323K, committed 89600K, reserved 1179648K
  class space    used 8740K, committed 9344K, reserved 1048576K
}
Event: 23612.085 GC heap before
{Heap before GC invocations=2896 (full 88):
 PSYoungGen      total 4608K, used 4320K [0x00000000eab00000, 0x00000000eb480000, 0x0000000100000000)
  eden space 4096K, 100% used [0x00000000eab00000,0x00000000eaf00000,0x00000000eaf00000)
  from space 512K, 43% used [0x00000000eb400000,0x00000000eb438020,0x00000000eb480000)
  to   space 2048K, 0% used [0x00000000eb080000,0x00000000eb080000,0x00000000eb280000)
 ParOldGen       total 154624K, used 148741K [0x00000000c0000000, 0x00000000c9700000, 0x00000000eab00000)
  object space 154624K, 96% used [0x00000000c0000000,0x00000000c9141498,0x00000000c9700000)
 Metaspace       used 88323K, committed 89600K, reserved 1179648K
  class space    used 8740K, committed 9344K, reserved 1048576K
}
Event: 23612.090 GC heap after
{Heap after GC invocations=2896 (full 88):
 PSYoungGen      total 7168K, used 2032K [0x00000000eab00000, 0x00000000eb900000, 0x0000000100000000)
  eden space 5120K, 0% used [0x00000000eab00000,0x00000000eab00000,0x00000000eb000000)
  from space 2048K, 99% used [0x00000000eb080000,0x00000000eb27c2e0,0x00000000eb280000)
  to   space 4608K, 0% used [0x00000000eb480000,0x00000000eb480000,0x00000000eb900000)
 ParOldGen       total 154624K, used 150466K [0x00000000c0000000, 0x00000000c9700000, 0x00000000eab00000)
  object space 154624K, 97% used [0x00000000c0000000,0x00000000c92f0938,0x00000000c9700000)
 Metaspace       used 88323K, committed 89600K, reserved 1179648K
  class space    used 8740K, committed 9344K, reserved 1048576K
}
Event: 23612.182 GC heap before
{Heap before GC invocations=2897 (full 88):
 PSYoungGen      total 7168K, used 7122K [0x00000000eab00000, 0x00000000eb900000, 0x0000000100000000)
  eden space 5120K, 99% used [0x00000000eab00000,0x00000000eaff8908,0x00000000eb000000)
  from space 2048K, 99% used [0x00000000eb080000,0x00000000eb27c2e0,0x00000000eb280000)
  to   space 4608K, 0% used [0x00000000eb480000,0x00000000eb480000,0x00000000eb900000)
 ParOldGen       total 154624K, used 150466K [0x00000000c0000000, 0x00000000c9700000, 0x00000000eab00000)
  object space 154624K, 97% used [0x00000000c0000000,0x00000000c92f0938,0x00000000c9700000)
 Metaspace       used 88323K, committed 89600K, reserved 1179648K
  class space    used 8740K, committed 9344K, reserved 1048576K
}
Event: 23612.184 GC heap after
{Heap after GC invocations=2897 (full 88):
 PSYoungGen      total 6144K, used 584K [0x00000000eab00000, 0x00000000eb580000, 0x0000000100000000)
  eden space 5120K, 0% used [0x00000000eab00000,0x00000000eab00000,0x00000000eb000000)
  from space 1024K, 57% used [0x00000000eb480000,0x00000000eb512190,0x00000000eb580000)
  to   space 2048K, 0% used [0x00000000eb180000,0x00000000eb180000,0x00000000eb380000)
 ParOldGen       total 154624K, used 150474K [0x00000000c0000000, 0x00000000c9700000, 0x00000000eab00000)
  object space 154624K, 97% used [0x00000000c0000000,0x00000000c92f2938,0x00000000c9700000)
 Metaspace       used 88323K, committed 89600K, reserved 1179648K
  class space    used 8740K, committed 9344K, reserved 1048576K
}
Event: 23612.204 GC heap before
{Heap before GC invocations=2898 (full 88):
 PSYoungGen      total 6144K, used 5704K [0x00000000eab00000, 0x00000000eb580000, 0x0000000100000000)
  eden space 5120K, 100% used [0x00000000eab00000,0x00000000eb000000,0x00000000eb000000)
  from space 1024K, 57% used [0x00000000eb480000,0x00000000eb512190,0x00000000eb580000)
  to   space 2048K, 0% used [0x00000000eb180000,0x00000000eb180000,0x00000000eb380000)
 ParOldGen       total 154624K, used 150474K [0x00000000c0000000, 0x00000000c9700000, 0x00000000eab00000)
  object space 154624K, 97% used [0x00000000c0000000,0x00000000c92f2938,0x00000000c9700000)
 Metaspace       used 88323K, committed 89600K, reserved 1179648K
  class space    used 8740K, committed 9344K, reserved 1048576K
}
Event: 23612.206 GC heap after
{Heap after GC invocations=2898 (full 88):
 PSYoungGen      total 7168K, used 192K [0x00000000eab00000, 0x00000000eb500000, 0x0000000100000000)
  eden space 5120K, 0% used [0x00000000eab00000,0x00000000eab00000,0x00000000eb000000)
  from space 2048K, 9% used [0x00000000eb180000,0x00000000eb1b0000,0x00000000eb380000)
  to   space 1024K, 0% used [0x00000000eb400000,0x00000000eb400000,0x00000000eb500000)
 ParOldGen       total 154624K, used 150815K [0x00000000c0000000, 0x00000000c9700000, 0x00000000eab00000)
  object space 154624K, 97% used [0x00000000c0000000,0x00000000c9347dd8,0x00000000c9700000)
 Metaspace       used 88323K, committed 89600K, reserved 1179648K
  class space    used 8740K, committed 9344K, reserved 1048576K
}
Event: 23612.917 GC heap before
{Heap before GC invocations=2899 (full 88):
 PSYoungGen      total 7168K, used 5312K [0x00000000eab00000, 0x00000000eb500000, 0x0000000100000000)
  eden space 5120K, 100% used [0x00000000eab00000,0x00000000eb000000,0x00000000eb000000)
  from space 2048K, 9% used [0x00000000eb180000,0x00000000eb1b0000,0x00000000eb380000)
  to   space 1024K, 0% used [0x00000000eb400000,0x00000000eb400000,0x00000000eb500000)
 ParOldGen       total 154624K, used 150815K [0x00000000c0000000, 0x00000000c9700000, 0x00000000eab00000)
  object space 154624K, 97% used [0x00000000c0000000,0x00000000c9347dd8,0x00000000c9700000)
 Metaspace       used 88323K, committed 89600K, reserved 1179648K
  class space    used 8740K, committed 9344K, reserved 1048576K
}
Event: 23612.920 GC heap after
{Heap after GC invocations=2899 (full 88):
 PSYoungGen      total 6144K, used 1008K [0x00000000eab00000, 0x00000000eb500000, 0x0000000100000000)
  eden space 5120K, 0% used [0x00000000eab00000,0x00000000eab00000,0x00000000eb000000)
  from space 1024K, 98% used [0x00000000eb400000,0x00000000eb4fc050,0x00000000eb500000)
  to   space 1536K, 0% used [0x00000000eb200000,0x00000000eb200000,0x00000000eb380000)
 ParOldGen       total 154624K, used 150927K [0x00000000c0000000, 0x00000000c9700000, 0x00000000eab00000)
  object space 154624K, 97% used [0x00000000c0000000,0x00000000c9363dd8,0x00000000c9700000)
 Metaspace       used 88323K, committed 89600K, reserved 1179648K
  class space    used 8740K, committed 9344K, reserved 1048576K
}
Event: 23613.497 GC heap before
{Heap before GC invocations=2900 (full 88):
 PSYoungGen      total 6144K, used 6128K [0x00000000eab00000, 0x00000000eb500000, 0x0000000100000000)
  eden space 5120K, 100% used [0x00000000eab00000,0x00000000eb000000,0x00000000eb000000)
  from space 1024K, 98% used [0x00000000eb400000,0x00000000eb4fc050,0x00000000eb500000)
  to   space 1536K, 0% used [0x00000000eb200000,0x00000000eb200000,0x00000000eb380000)
 ParOldGen       total 154624K, used 150927K [0x00000000c0000000, 0x00000000c9700000, 0x00000000eab00000)
  object space 154624K, 97% used [0x00000000c0000000,0x00000000c9363dd8,0x00000000c9700000)
 Metaspace       used 88323K, committed 89600K, reserved 1179648K
  class space    used 8740K, committed 9344K, reserved 1048576K
}
Event: 23613.499 GC heap after
{Heap after GC invocations=2900 (full 88):
 PSYoungGen      total 6656K, used 768K [0x00000000eab00000, 0x00000000eb480000, 0x0000000100000000)
  eden space 5120K, 0% used [0x00000000eab00000,0x00000000eab00000,0x00000000eb000000)
  from space 1536K, 50% used [0x00000000eb200000,0x00000000eb2c0040,0x00000000eb380000)
  to   space 1024K, 0% used [0x00000000eb380000,0x00000000eb380000,0x00000000eb480000)
 ParOldGen       total 154624K, used 151068K [0x00000000c0000000, 0x00000000c9700000, 0x00000000eab00000)
  object space 154624K, 97% used [0x00000000c0000000,0x00000000c93872d8,0x00000000c9700000)
 Metaspace       used 88323K, committed 89600K, reserved 1179648K
  class space    used 8740K, committed 9344K, reserved 1048576K
}
Event: 23614.216 GC heap before
{Heap before GC invocations=2901 (full 88):
 PSYoungGen      total 6656K, used 5888K [0x00000000eab00000, 0x00000000eb480000, 0x0000000100000000)
  eden space 5120K, 100% used [0x00000000eab00000,0x00000000eb000000,0x00000000eb000000)
  from space 1536K, 50% used [0x00000000eb200000,0x00000000eb2c0040,0x00000000eb380000)
  to   space 1024K, 0% used [0x00000000eb380000,0x00000000eb380000,0x00000000eb480000)
 ParOldGen       total 154624K, used 151068K [0x00000000c0000000, 0x00000000c9700000, 0x00000000eab00000)
  object space 154624K, 97% used [0x00000000c0000000,0x00000000c93872d8,0x00000000c9700000)
 Metaspace       used 88331K, committed 89600K, reserved 1179648K
  class space    used 8740K, committed 9344K, reserved 1048576K
}
Event: 23614.218 GC heap after
{Heap after GC invocations=2901 (full 88):
 PSYoungGen      total 6144K, used 617K [0x00000000eab00000, 0x00000000eb480000, 0x0000000100000000)
  eden space 5120K, 0% used [0x00000000eab00000,0x00000000eab00000,0x00000000eb000000)
  from space 1024K, 60% used [0x00000000eb380000,0x00000000eb41a5b0,0x00000000eb480000)
  to   space 1024K, 0% used [0x00000000eb280000,0x00000000eb280000,0x00000000eb380000)
 ParOldGen       total 154624K, used 151092K [0x00000000c0000000, 0x00000000c9700000, 0x00000000eab00000)
  object space 154624K, 97% used [0x00000000c0000000,0x00000000c938d2d8,0x00000000c9700000)
 Metaspace       used 88331K, committed 89600K, reserved 1179648K
  class space    used 8740K, committed 9344K, reserved 1048576K
}
Event: 23614.246 GC heap before
{Heap before GC invocations=2902 (full 88):
 PSYoungGen      total 6144K, used 5681K [0x00000000eab00000, 0x00000000eb480000, 0x0000000100000000)
  eden space 5120K, 98% used [0x00000000eab00000,0x00000000eaff1f78,0x00000000eb000000)
  from space 1024K, 60% used [0x00000000eb380000,0x00000000eb41a5b0,0x00000000eb480000)
  to   space 1024K, 0% used [0x00000000eb280000,0x00000000eb280000,0x00000000eb380000)
 ParOldGen       total 154624K, used 151092K [0x00000000c0000000, 0x00000000c9700000, 0x00000000eab00000)
  object space 154624K, 97% used [0x00000000c0000000,0x00000000c938d2d8,0x00000000c9700000)
 Metaspace       used 88331K, committed 89600K, reserved 1179648K
  class space    used 8740K, committed 9344K, reserved 1048576K
}
Event: 23614.256 GC heap after
{Heap after GC invocations=2902 (full 88):
 PSYoungGen      total 6144K, used 998K [0x00000000eab00000, 0x00000000ebe00000, 0x0000000100000000)
  eden space 5120K, 0% used [0x00000000eab00000,0x00000000eab00000,0x00000000eb000000)
  from space 1024K, 97% used [0x00000000eb280000,0x00000000eb379888,0x00000000eb380000)
  to   space 7168K, 0% used [0x00000000eb700000,0x00000000eb700000,0x00000000ebe00000)
 ParOldGen       total 156160K, used 155892K [0x00000000c0000000, 0x00000000c9880000, 0x00000000eab00000)
  object space 156160K, 99% used [0x00000000c0000000,0x00000000c983d2d8,0x00000000c9880000)
 Metaspace       used 88331K, committed 89600K, reserved 1179648K
  class space    used 8740K, committed 9344K, reserved 1048576K
}
Event: 23614.256 GC heap before
{Heap before GC invocations=2903 (full 89):
 PSYoungGen      total 6144K, used 998K [0x00000000eab00000, 0x00000000ebe00000, 0x0000000100000000)
  eden space 5120K, 0% used [0x00000000eab00000,0x00000000eab00000,0x00000000eb000000)
  from space 1024K, 97% used [0x00000000eb280000,0x00000000eb379888,0x00000000eb380000)
  to   space 7168K, 0% used [0x00000000eb700000,0x00000000eb700000,0x00000000ebe00000)
 ParOldGen       total 156160K, used 155892K [0x00000000c0000000, 0x00000000c9880000, 0x00000000eab00000)
  object space 156160K, 99% used [0x00000000c0000000,0x00000000c983d2d8,0x00000000c9880000)
 Metaspace       used 88331K, committed 89600K, reserved 1179648K
  class space    used 8740K, committed 9344K, reserved 1048576K
}

